(precise)spiffysaxman@localhost:~/projects/RMFapi/api/v1$ node create_app.js 
apiKeyFilePath: ./.devsessions/apiKey.properties
Found apiKey: 
{ apiKey: 
   ApiKey {
     id: '7B4ZPSPUFL2DS92UNPRORZM5I',
     secret: 'siTxPWq/LCHpXg7MS6Gtnajzqcdo3nD0PryyW3BuC6c' } }
Client Created
Application {
  href: 'https://api.stormpath.com/v1/applications/51svJbDiIWsbDOPen5PRqW',
  name: 'Roomate Finder App',
  description: 'Made to connect people who are looking for roomates in a safe, stress free enviroment..',
  status: 'ENABLED',
  createdAt: '2016-07-23T23:24:47.479Z',
  modifiedAt: '2016-07-23T23:24:47.492Z',
  authorizedCallbackUris: [],
  tenant: { href: 'https://api.stormpath.com/v1/tenants/2nv6sruTDTuY34fmHcaZOe' },
  defaultAccountStoreMapping: null,
  defaultGroupStoreMapping: null,
  customData: 
   CustomData {
     href: 'https://api.stormpath.com/v1/applications/51svJbDiIWsbDOPen5PRqW/customData' },
  oAuthPolicy: { href: 'https://api.stormpath.com/v1/oAuthPolicies/51svJbDiIWsbDOPen5PRqW' },
  samlPolicy: { href: 'https://api.stormpath.com/v1/samlPolicies/51svJbDiIWsbDOPen5PRqW' },
  accountLinkingPolicy: { href: 'https://api.stormpath.com/v1/accountLinkingPolicies/51tlCEjuXSX6vfTHEf3STU' },
  accounts: { href: 'https://api.stormpath.com/v1/applications/51svJbDiIWsbDOPen5PRqW/accounts' },
  groups: { href: 'https://api.stormpath.com/v1/applications/51svJbDiIWsbDOPen5PRqW/groups' },
  accountStoreMappings: { href: 'https://api.stormpath.com/v1/applications/51svJbDiIWsbDOPen5PRqW/accountStoreMappings' },
  loginAttempts: { href: 'https://api.stormpath.com/v1/applications/51svJbDiIWsbDOPen5PRqW/loginAttempts' },
  passwordResetTokens: { href: 'https://api.stormpath.com/v1/applications/51svJbDiIWsbDOPen5PRqW/passwordResetTokens' },
  apiKeys: { href: 'https://api.stormpath.com/v1/applications/51svJbDiIWsbDOPen5PRqW/apiKeys' },
  verificationEmails: { href: 'https://api.stormpath.com/v1/applications/51svJbDiIWsbDOPen5PRqW/verificationEmails' },
  authTokens: { href: 'https://api.stormpath.com/v1/applications/51svJbDiIWsbDOPen5PRqW/authTokens' } }

